{"timestamp":"2025-07-05T06:07:36.859Z","level":"INFO","message":"PlayDice instance created."}
{"timestamp":"2025-07-05T06:07:36.897Z","level":"INFO","message":"PlayDice instance created."}
{"timestamp":"2025-07-05T06:07:36.900Z","level":"DEBUG","message":"Placing bet #1 with amount: 1.00000000"}
{"timestamp":"2025-07-05T06:07:36.900Z","level":"INFO","message":"Bet #1: WIN! Profit: 1.00000000. Current Profit: 1.00000000"}
{"timestamp":"2025-07-05T06:07:36.903Z","level":"INFO","message":"PlayDice instance created."}
{"timestamp":"2025-07-05T06:07:36.906Z","level":"DEBUG","message":"Placing bet #1 with amount: 1.00000000"}
{"timestamp":"2025-07-05T06:07:36.906Z","level":"INFO","message":"Bet #1: LOSS! Loss: -1.00000000. Current Profit: -1.00000000"}
{"timestamp":"2025-07-05T06:07:36.909Z","level":"INFO","message":"PlayDice instance created."}
{"timestamp":"2025-07-05T06:07:36.911Z","level":"INFO","message":"PlayDice instance created."}
{"timestamp":"2025-07-05T06:07:36.914Z","level":"DEBUG","message":"Placing bet #1 with amount: 1.00000000"}
{"timestamp":"2025-07-05T06:07:36.914Z","level":"INFO","message":"Bet #1: WIN! Profit: 1.00000000. Current Profit: 1.00000000"}
{"timestamp":"2025-07-05T06:07:36.915Z","level":"INFO","message":"Target profit reached: 1.00000000 >= 1.00000000"}
{"timestamp":"2025-07-05T06:07:36.917Z","level":"INFO","message":"PlayDice instance created."}
{"timestamp":"2025-07-05T06:07:36.918Z","level":"INFO","message":"PlayDice instance created."}
{"timestamp":"2025-07-05T06:07:36.920Z","level":"DEBUG","message":"Placing bet #1 with amount: 1.00000000"}
{"timestamp":"2025-07-05T06:07:36.920Z","level":"INFO","message":"Bet #1: LOSS! Loss: -1.00000000. Current Profit: -1.00000000"}
{"timestamp":"2025-07-05T06:07:36.921Z","level":"WARN","message":"Stop loss reached: -1.00000000 <= -1.00000000"}
{"timestamp":"2025-07-05T06:07:36.925Z","level":"INFO","message":"PlayDice instance created."}
{"timestamp":"2025-07-05T06:07:36.927Z","level":"INFO","message":"PlayDice instance created."}
{"timestamp":"2025-07-05T06:07:36.928Z","level":"DEBUG","message":"Placing bet #1 with amount: 1.00000000"}
{"timestamp":"2025-07-05T06:07:36.929Z","level":"INFO","message":"Bet #1: WIN! Profit: 1.00000000. Current Profit: 1.00000000"}
{"timestamp":"2025-07-05T06:07:36.930Z","level":"DEBUG","message":"Increased bet by 10% to 1.10000000"}
{"timestamp":"2025-07-05T06:07:36.931Z","level":"INFO","message":"PlayDice instance created."}
{"timestamp":"2025-07-05T06:07:36.933Z","level":"INFO","message":"PlayDice instance created."}
{"timestamp":"2025-07-05T06:07:36.934Z","level":"DEBUG","message":"Placing bet #1 with amount: 1.00000000"}
{"timestamp":"2025-07-05T06:07:36.934Z","level":"INFO","message":"Bet #1: LOSS! Loss: -1.00000000. Current Profit: -1.00000000"}
{"timestamp":"2025-07-05T06:07:36.935Z","level":"DEBUG","message":"Increased bet by fixed 0.5 to 1.50000000"}
{"timestamp":"2025-07-05T06:07:36.937Z","level":"INFO","message":"PlayDice instance created."}
{"timestamp":"2025-07-05T06:07:36.938Z","level":"INFO","message":"PlayDice instance created."}
{"timestamp":"2025-07-05T06:07:36.940Z","level":"DEBUG","message":"Placing bet #1 with amount: 1.00000000"}
{"timestamp":"2025-07-05T06:07:36.940Z","level":"INFO","message":"Bet #1: LOSS! Loss: -1.00000000. Current Profit: -1.00000000"}
{"timestamp":"2025-07-05T06:07:36.941Z","level":"DEBUG","message":"Increased bet by fixed 0.5 to 1.50000000"}
{"timestamp":"2025-07-05T06:07:36.941Z","level":"DEBUG","message":"Placing bet #2 with amount: 1.50000000"}
{"timestamp":"2025-07-05T06:07:36.941Z","level":"INFO","message":"Bet #2: WIN! Profit: 1.00000000. Current Profit: 0.00000000"}
{"timestamp":"2025-07-05T06:07:36.942Z","level":"DEBUG","message":"Increased bet by fixed 0.5 to 2.00000000"}
{"timestamp":"2025-07-05T06:07:36.942Z","level":"DEBUG","message":"Reset bet to baseBet: 1.00000000"}
{"timestamp":"2025-07-05T15:34:24.373Z","level":"DEBUG","message":"Loaded site: Primedice"}
{"timestamp":"2025-07-05T15:34:24.383Z","level":"DEBUG","message":"Loaded site: Stake"}
{"timestamp":"2025-07-05T15:34:24.383Z","level":"INFO","message":"SiteManager initialized. Available sites:","args":[["Primedice","Stake"]]}
{"timestamp":"2025-07-05T15:34:28.029Z","level":"DEBUG","message":"Loaded site: Primedice"}
{"timestamp":"2025-07-05T15:34:28.042Z","level":"DEBUG","message":"Loaded site: Stake"}
{"timestamp":"2025-07-05T15:34:28.042Z","level":"INFO","message":"SiteManager initialized. Available sites:","args":[["Primedice","Stake"]]}
{"timestamp":"2025-07-05T15:52:10.610Z","level":"DEBUG","message":"Loaded site: Primedice"}
{"timestamp":"2025-07-05T15:52:10.617Z","level":"DEBUG","message":"Loaded site: Stake"}
{"timestamp":"2025-07-05T15:52:10.618Z","level":"INFO","message":"SiteManager initialized. Available sites:","args":[["Primedice","Stake"]]}
{"timestamp":"2025-07-05T15:52:14.279Z","level":"DEBUG","message":"Loaded site: Primedice"}
{"timestamp":"2025-07-05T15:52:14.290Z","level":"DEBUG","message":"Loaded site: Stake"}
{"timestamp":"2025-07-05T15:52:14.290Z","level":"INFO","message":"SiteManager initialized. Available sites:","args":[["Primedice","Stake"]]}
